<?xml version="1.0" encoding="UTF-8"?>
<!-- Generated by org.testng.reporters.JUnitReportReporter -->
<testsuite skipped="0" hostname="DESKTOP-HLUUSUB" name="AirportTest" tests="5" failures="0" timestamp="2020-10-27T11:47:40 MSK" time="0.013" errors="0">
  <testcase name="testGetTransportMilitaryPlanes" time="0.000" classname="AirportTest"/>
  <testcase name="testHasAtLeastOneBomberInMilitaryPlanes" time="0.000" classname="AirportTest"/>
  <testcase name="testExperimentalPlanesHasClassificationLevelHigherThanUnclassified" time="0.003" classname="AirportTest"/>
  <testcase name="test3" time="0.009" classname="AirportTest"/>
  <testcase name="testGetPassengerPlaneWithMaxCapacity" time="0.001" classname="AirportTest"/>
</testsuite> <!-- AirportTest -->
